<?xml version="1.0" encoding="UTF-8"?>
<testng-results total="4" passed="3" failed="1" skipped="0">
  <reporter-output>
  </reporter-output>
  <suite started-at="2021-10-20T05:29:49Z" name="Suite" finished-at="2021-10-20T05:33:33Z" duration-ms="224385">
    <groups>
    </groups>
    <test started-at="2021-10-20T05:29:49Z" name="Validating User login" finished-at="2021-10-20T05:32:07Z" duration-ms="137769">
      <class name="E2E.HomePage">
        <test-method is-config="true" signature="initialize()[pri:0, instance:E2E.HomePage@6754ef00]" started-at="2021-10-20T10:59:49Z" name="initialize" finished-at="2021-10-20T11:00:33Z" duration-ms="43864" status="PASS">
          <reporter-output>
          </reporter-output>
        </test-method> <!-- initialize -->
        <test-method signature="HomePageTest(java.lang.String, java.lang.String, java.lang.String)[pri:0, instance:E2E.HomePage@6754ef00]" started-at="2021-10-20T11:00:33Z" name="HomePageTest" data-provider="getData" finished-at="2021-10-20T11:01:41Z" duration-ms="67751" status="PASS">
          <params>
            <param index="0">
              <value>
                <![CDATA[nonrestricteduser@qw.com]]>
              </value>
            </param>
            <param index="1">
              <value>
                <![CDATA[123456]]>
              </value>
            </param>
            <param index="2">
              <value>
                <![CDATA[Restrcited User]]>
              </value>
            </param>
          </params>
          <reporter-output>
          </reporter-output>
        </test-method> <!-- HomePageTest -->
        <test-method signature="HomePageTest(java.lang.String, java.lang.String, java.lang.String)[pri:0, instance:E2E.HomePage@6754ef00]" started-at="2021-10-20T11:01:41Z" name="HomePageTest" data-provider="getData" finished-at="2021-10-20T11:02:01Z" duration-ms="20250" status="FAIL">
          <params>
            <param index="0">
              <value is-null="true"/>
            </param>
            <param index="1">
              <value is-null="true"/>
            </param>
            <param index="2">
              <value is-null="true"/>
            </param>
          </params>
          <exception class="org.openqa.selenium.NoSuchElementException">
            <message>
              <![CDATA[no such element: Unable to locate element: {"method":"xpath","selector":"//*[@id='homepage']/div[4]/div[2]/div/div/div/span/div/div[6]/div/div/button"}
  (Session info: chrome=94.0.4606.81)
For documentation on this error, please visit: http://seleniumhq.org/exceptions/no_such_element.html
Build info: version: '3.4.0', revision: 'unknown', time: 'unknown'
System info: host: 'GOPIMANISRI', ip: '192.168.0.5', os.name: 'Windows 10', os.arch: 'amd64', os.version: '10.0', java.version: '16.0.2'
Driver info: org.openqa.selenium.chrome.ChromeDriver
Capabilities [{networkConnectionEnabled=false, chrome={chromedriverVersion=94.0.4606.41 (333e85df3c9b656b518b5f1add5ff246365b6c24-refs/branch-heads/4606@{#845}), userDataDir=C:\Users\lucky\AppData\Local\Temp\scoped_dir8440_743051002}, timeouts={implicit=0.0, pageLoad=300000.0, script=30000.0}, pageLoadStrategy=normal, unhandledPromptBehavior=dismiss and notify, strictFileInteractability=false, platform=ANY, proxy=Proxy(), goog:chromeOptions={debuggerAddress=localhost:58112}, webauthn:extension:credBlob=true, acceptInsecureCerts=false, browserVersion=94.0.4606.81, browserName=chrome, javascriptEnabled=true, platformName=windows, setWindowRect=true, webauthn:extension:largeBlob=true, webauthn:virtualAuthenticators=true}]
Session ID: c78997c8741af4f36e8e4784e6f2844b
*** Element info: {Using=xpath, value=//*[@id='homepage']/div[4]/div[2]/div/div/div/span/div/div[6]/div/div/button}]]>
            </message>
            <full-stacktrace>
              <![CDATA[org.openqa.selenium.NoSuchElementException: no such element: Unable to locate element: {"method":"xpath","selector":"//*[@id='homepage']/div[4]/div[2]/div/div/div/span/div/div[6]/div/div/button"}
  (Session info: chrome=94.0.4606.81)
For documentation on this error, please visit: http://seleniumhq.org/exceptions/no_such_element.html
Build info: version: '3.4.0', revision: 'unknown', time: 'unknown'
System info: host: 'GOPIMANISRI', ip: '192.168.0.5', os.name: 'Windows 10', os.arch: 'amd64', os.version: '10.0', java.version: '16.0.2'
Driver info: org.openqa.selenium.chrome.ChromeDriver
Capabilities [{networkConnectionEnabled=false, chrome={chromedriverVersion=94.0.4606.41 (333e85df3c9b656b518b5f1add5ff246365b6c24-refs/branch-heads/4606@{#845}), userDataDir=C:\Users\lucky\AppData\Local\Temp\scoped_dir8440_743051002}, timeouts={implicit=0.0, pageLoad=300000.0, script=30000.0}, pageLoadStrategy=normal, unhandledPromptBehavior=dismiss and notify, strictFileInteractability=false, platform=ANY, proxy=Proxy(), goog:chromeOptions={debuggerAddress=localhost:58112}, webauthn:extension:credBlob=true, acceptInsecureCerts=false, browserVersion=94.0.4606.81, browserName=chrome, javascriptEnabled=true, platformName=windows, setWindowRect=true, webauthn:extension:largeBlob=true, webauthn:virtualAuthenticators=true}]
Session ID: c78997c8741af4f36e8e4784e6f2844b
*** Element info: {Using=xpath, value=//*[@id='homepage']/div[4]/div[2]/div/div/div/span/div/div[6]/div/div/button}
	at java.base/jdk.internal.reflect.NativeConstructorAccessorImpl.newInstance0(Native Method)
	at java.base/jdk.internal.reflect.NativeConstructorAccessorImpl.newInstance(NativeConstructorAccessorImpl.java:78)
	at java.base/jdk.internal.reflect.DelegatingConstructorAccessorImpl.newInstance(DelegatingConstructorAccessorImpl.java:45)
	at java.base/java.lang.reflect.Constructor.newInstanceWithCaller(Constructor.java:499)
	at java.base/java.lang.reflect.Constructor.newInstance(Constructor.java:480)
	at org.openqa.selenium.remote.http.W3CHttpResponseCodec.createException(W3CHttpResponseCodec.java:150)
	at org.openqa.selenium.remote.http.W3CHttpResponseCodec.decode(W3CHttpResponseCodec.java:115)
	at org.openqa.selenium.remote.http.W3CHttpResponseCodec.decode(W3CHttpResponseCodec.java:45)
	at org.openqa.selenium.remote.HttpCommandExecutor.execute(HttpCommandExecutor.java:164)
	at org.openqa.selenium.remote.service.DriverCommandExecutor.execute(DriverCommandExecutor.java:82)
	at org.openqa.selenium.remote.RemoteWebDriver.execute(RemoteWebDriver.java:637)
	at org.openqa.selenium.remote.RemoteWebDriver.findElement(RemoteWebDriver.java:410)
	at org.openqa.selenium.remote.RemoteWebDriver.findElementByXPath(RemoteWebDriver.java:509)
	at org.openqa.selenium.By$ByXPath.findElement(By.java:361)
	at org.openqa.selenium.remote.RemoteWebDriver.findElement(RemoteWebDriver.java:402)
	at PageObjects.LandingPage.noThanks(LandingPage.java:20)
	at E2E.HomePage.HomePageTest(HomePage.java:39)
	at java.base/jdk.internal.reflect.NativeMethodAccessorImpl.invoke0(Native Method)
	at java.base/jdk.internal.reflect.NativeMethodAccessorImpl.invoke(NativeMethodAccessorImpl.java:78)
	at java.base/jdk.internal.reflect.DelegatingMethodAccessorImpl.invoke(DelegatingMethodAccessorImpl.java:43)
	at java.base/java.lang.reflect.Method.invoke(Method.java:567)
	at org.testng.internal.MethodInvocationHelper.invokeMethod(MethodInvocationHelper.java:80)
	at org.testng.internal.Invoker.invokeMethod(Invoker.java:715)
	at org.testng.internal.Invoker.invokeTestMethod(Invoker.java:907)
	at org.testng.internal.Invoker.invokeTestMethods(Invoker.java:1237)
	at org.testng.internal.TestMethodWorker.invokeTestMethods(TestMethodWorker.java:127)
	at org.testng.internal.TestMethodWorker.run(TestMethodWorker.java:111)
	at org.testng.TestRunner.privateRun(TestRunner.java:767)
	at org.testng.TestRunner.run(TestRunner.java:617)
	at org.testng.SuiteRunner.runTest(SuiteRunner.java:334)
	at org.testng.SuiteRunner.runSequentially(SuiteRunner.java:329)
	at org.testng.SuiteRunner.privateRun(SuiteRunner.java:291)
	at org.testng.SuiteRunner.run(SuiteRunner.java:240)
	at org.testng.SuiteRunnerWorker.runSuite(SuiteRunnerWorker.java:51)
	at org.testng.SuiteRunnerWorker.run(SuiteRunnerWorker.java:85)
	at org.testng.TestNG.runSuitesSequentially(TestNG.java:1197)
	at org.testng.TestNG.runSuitesLocally(TestNG.java:1122)
	at org.testng.TestNG.run(TestNG.java:1030)
	at org.testng.remote.AbstractRemoteTestNG.run(AbstractRemoteTestNG.java:115)
	at org.testng.remote.RemoteTestNG.initAndRun(RemoteTestNG.java:251)
	at org.testng.remote.RemoteTestNG.main(RemoteTestNG.java:77)
]]>
            </full-stacktrace>
          </exception> <!-- org.openqa.selenium.NoSuchElementException -->
          <reporter-output>
          </reporter-output>
        </test-method> <!-- HomePageTest -->
        <test-method is-config="true" signature="teardown()[pri:0, instance:E2E.HomePage@6754ef00]" started-at="2021-10-20T11:02:04Z" name="teardown" finished-at="2021-10-20T11:02:07Z" duration-ms="2805" status="PASS">
          <reporter-output>
          </reporter-output>
        </test-method> <!-- teardown -->
      </class> <!-- E2E.HomePage -->
    </test> <!-- Validating User login -->
    <test started-at="2021-10-20T05:32:09Z" name="Validating title in the Page" finished-at="2021-10-20T05:33:08Z" duration-ms="58924">
      <class name="E2E.ValidateTitle">
        <test-method is-config="true" signature="initialize()[pri:0, instance:E2E.ValidateTitle@6bd51ed8]" started-at="2021-10-20T11:02:09Z" name="initialize" finished-at="2021-10-20T11:03:07Z" duration-ms="58529" status="PASS">
          <reporter-output>
          </reporter-output>
        </test-method> <!-- initialize -->
        <test-method signature="ValidateTitleBar()[pri:0, instance:E2E.ValidateTitle@6bd51ed8]" started-at="2021-10-20T11:03:07Z" name="ValidateTitleBar" finished-at="2021-10-20T11:03:08Z" duration-ms="174" status="PASS">
          <reporter-output>
          </reporter-output>
        </test-method> <!-- ValidateTitleBar -->
        <test-method is-config="true" signature="teardown()[pri:0, instance:E2E.ValidateTitle@6bd51ed8]" started-at="2021-10-20T11:03:08Z" name="teardown" finished-at="2021-10-20T11:03:08Z" duration-ms="211" status="PASS">
          <reporter-output>
          </reporter-output>
        </test-method> <!-- teardown -->
      </class> <!-- E2E.ValidateTitle -->
    </test> <!-- Validating title in the Page -->
    <test started-at="2021-10-20T05:33:08Z" name="Validating navigation Bar" finished-at="2021-10-20T05:33:33Z" duration-ms="25505">
      <class name="E2E.ValidateNavigationBar">
        <test-method is-config="true" signature="initialize()[pri:0, instance:E2E.ValidateNavigationBar@25243bc1]" started-at="2021-10-20T11:03:08Z" name="initialize" finished-at="2021-10-20T11:03:33Z" duration-ms="25062" status="PASS">
          <reporter-output>
          </reporter-output>
        </test-method> <!-- initialize -->
        <test-method signature="ValidateAppNavigationBar()[pri:0, instance:E2E.ValidateNavigationBar@25243bc1]" started-at="2021-10-20T11:03:33Z" name="ValidateAppNavigationBar" finished-at="2021-10-20T11:03:33Z" duration-ms="268" status="PASS">
          <reporter-output>
          </reporter-output>
        </test-method> <!-- ValidateAppNavigationBar -->
        <test-method is-config="true" signature="teardown()[pri:0, instance:E2E.ValidateNavigationBar@25243bc1]" started-at="2021-10-20T11:03:33Z" name="teardown" finished-at="2021-10-20T11:03:33Z" duration-ms="162" status="PASS">
          <reporter-output>
          </reporter-output>
        </test-method> <!-- teardown -->
      </class> <!-- E2E.ValidateNavigationBar -->
    </test> <!-- Validating navigation Bar -->
  </suite> <!-- Suite -->
</testng-results>
